Using pre-set license
Built from '2021.1/release' branch; Version is '2021.1.16f1 (5fa502fca597) revision 6268162'; Using compiler version '192528614'; Build Type 'Release'
OS: 'Windows 10 Enterprise; OS build 19042.1165; Version 2009; 64bit' Language: 'en' Physical Memory: 130919 MB
BatchMode: 1, IsHumanControllingUs: 0, StartBugReporterOnCrash: 0, Is64bit: 1, IsPro: 0

 COMMAND LINE ARGUMENTS:
C:\Program Files\Unity\Hub\Editor\2021.1.16f1\Editor\Unity.exe
-adb2
-batchMode
-noUpm
-name
AssetImportWorker1
-projectPath
C:/Users/bnavyata/Documents/DeveloperAdvocacy/FRL/Unity Projects/LearningONW
-logFile
Logs/AssetImportWorker1.log
-srvPort
51879
Successfully changed project path to: C:/Users/bnavyata/Documents/DeveloperAdvocacy/FRL/Unity Projects/LearningONW
C:/Users/bnavyata/Documents/DeveloperAdvocacy/FRL/Unity Projects/LearningONW
Using Asset Import Pipeline V2.
Refreshing native plugins compatible for Editor in 103.79 ms, found 12 plugins.
Preloading 2 native plugins for Editor in 5.11 ms.
Initialize engine version: 2021.1.16f1 (5fa502fca597)
[Subsystems] Discovering subsystems at path C:/Program Files/Unity/Hub/Editor/2021.1.16f1/Editor/Data/Resources/UnitySubsystems
[Subsystems] Discovering subsystems at path C:/Users/bnavyata/Documents/DeveloperAdvocacy/FRL/Unity Projects/LearningONW/Assets
GfxDevice: creating device client; threaded=0; jobified=0
Direct3D:
    Version:  Direct3D 11.0 [level 11.1]
    Renderer: NVIDIA GeForce RTX 3080 (ID=0x2206)
    Vendor:   NVIDIA
    VRAM:     10078 MB
    Driver:   30.0.14.7168
Shader 'Oculus/OVRMRCameraFrameLit': fallback shader 'Alpha-Diffuse' not found
Initialize mono
Mono path[0] = 'C:/Program Files/Unity/Hub/Editor/2021.1.16f1/Editor/Data/Managed'
Mono path[1] = 'C:/Program Files/Unity/Hub/Editor/2021.1.16f1/Editor/Data/MonoBleedingEdge/lib/mono/unityjit'
Mono config path = 'C:/Program Files/Unity/Hub/Editor/2021.1.16f1/Editor/Data/MonoBleedingEdge/etc'
Using monoOptions --debugger-agent=transport=dt_socket,embedding=1,server=y,suspend=n,address=127.0.0.1:56844
Begin MonoManager ReloadAssembly
Registering precompiled unity dll's ...
Register platform support module: C:/Program Files/Unity/Hub/Editor/2021.1.16f1/Editor/Data/PlaybackEngines/WindowsStandaloneSupport/UnityEditor.WindowsStandalone.Extensions.dll
Registered in 0.001945 seconds.
Native extension for WindowsStandalone target not found
Refreshing native plugins compatible for Editor in 93.31 ms, found 12 plugins.
Preloading 2 native plugins for Editor in 0.26 ms.
Mono: successfully reloaded assembly
- Completed reload, in  2.351 seconds
Domain Reload Profiling:
	ReloadAssembly (2351ms)
		BeginReloadAssembly (185ms)
			ExecutionOrderSort (0ms)
			DisableScriptedObjects (0ms)
			BackupInstance (0ms)
			ReleaseScriptingObjects (0ms)
			CreateAndSetChildDomain (1ms)
		EndReloadAssembly (573ms)
			LoadAssemblies (182ms)
			RebuildTransferFunctionScriptingTraits (0ms)
			SetupTypeCache (214ms)
			ReleaseScriptCaches (0ms)
			RebuildScriptCaches (41ms)
			SetupLoadedEditorAssemblies (257ms)
				LogAssemblyErrors (0ms)
				InitializePlatformSupportModulesInManaged (9ms)
				SetLoadedEditorAssemblies (0ms)
				RefreshPlugins (94ms)
				BeforeProcessingInitializeOnLoad (2ms)
				ProcessInitializeOnLoadAttributes (118ms)
				ProcessInitializeOnLoadMethodAttributes (35ms)
				AfterProcessingInitializeOnLoad (0ms)
				EditorAssembliesLoaded (0ms)
			ExecutionOrderSort2 (0ms)
			AwakeInstancesAfterBackupRestoration (0ms)
Platform modules already initialized, skipping
Registering precompiled user dll's ...
Registered in 0.027225 seconds.
Begin MonoManager ReloadAssembly
Native extension for WindowsStandalone target not found
Refreshing native plugins compatible for Editor in 110.25 ms, found 12 plugins.
Preloading 2 native plugins for Editor in 0.19 ms.
Microsoft has transitioned support of Windows MR devices to OpenXR in Unity 2021, and recommends using Unity's OpenXR plugin. As such, this Windows XR plugin is marked as deprecated and will be removed in the 2021.2 release. It will continue to be supported in the 2020 LTS.
UnityEngine.StackTraceUtility:ExtractStackTrace ()
UnityEngine.DebugLogHandler:LogFormat (UnityEngine.LogType,UnityEngine.Object,string,object[])
UnityEngine.Logger:Log (UnityEngine.LogType,object)
UnityEngine.Debug:LogWarning (object)
UnityEditor.XR.WindowsMR.XRPackage:.cctor () (at Library/PackageCache/com.unity.xr.windowsmr@5.3.0/Editor/WindowsMRPackageMetadata.cs:27)
System.Reflection.MonoCMethod:InternalInvoke (object,object[])
System.RuntimeType:CreateInstanceMono (bool)
System.RuntimeType:CreateInstanceSlow (bool,bool,bool,System.Threading.StackCrawlMark&)
System.RuntimeType:CreateInstanceDefaultCtor (bool,bool,bool,System.Threading.StackCrawlMark&)
System.Activator:CreateInstance (System.Type,bool)
System.Activator:CreateInstance (System.Type)
UnityEditor.XR.Management.XRPackageInitializationBootstrap:BeginPackageInitialization () (at Library/PackageCache/com.unity.xr.management@4.0.7/Editor/XRPackageInitialization.cs:81)
UnityEditor.XR.Management.XRPackageInitializationBootstrap:.cctor () (at Library/PackageCache/com.unity.xr.management@4.0.7/Editor/XRPackageInitialization.cs:50)
System.Runtime.CompilerServices.RuntimeHelpers:RunClassConstructor (System.RuntimeTypeHandle)
UnityEditor.EditorAssemblies:ProcessInitializeOnLoadAttributes (System.Type[])

(Filename: Library/PackageCache/com.unity.xr.windowsmr@5.3.0/Editor/WindowsMRPackageMetadata.cs Line: 27)

[XR] OculusXRPlugin: registering subsystems
[XR] Unable to register display lifecyle provider: [1]
[XR] Oculus Input lifecycle provider registered.
[XR] Unable to register input lifecyle provider: [1]
[XR] OVRP version 1.61.0
Mono: successfully reloaded assembly
- Completed reload, in  6.981 seconds
Domain Reload Profiling:
	ReloadAssembly (6981ms)
		BeginReloadAssembly (204ms)
			ExecutionOrderSort (0ms)
			DisableScriptedObjects (5ms)
			BackupInstance (0ms)
			ReleaseScriptingObjects (0ms)
			CreateAndSetChildDomain (32ms)
		EndReloadAssembly (6699ms)
			LoadAssemblies (4365ms)
			RebuildTransferFunctionScriptingTraits (0ms)
			SetupTypeCache (1107ms)
			ReleaseScriptCaches (1ms)
			RebuildScriptCaches (94ms)
			SetupLoadedEditorAssemblies (1007ms)
				LogAssemblyErrors (0ms)
				InitializePlatformSupportModulesInManaged (5ms)
				SetLoadedEditorAssemblies (0ms)
				RefreshPlugins (111ms)
				BeforeProcessingInitializeOnLoad (114ms)
				ProcessInitializeOnLoadAttributes (754ms)
				ProcessInitializeOnLoadMethodAttributes (15ms)
				AfterProcessingInitializeOnLoad (7ms)
				EditorAssembliesLoaded (0ms)
			ExecutionOrderSort2 (0ms)
			AwakeInstancesAfterBackupRestoration (8ms)
Platform modules already initialized, skipping
========================================================================
Worker process is ready to serve import requests
Shader 'Oculus/OVRMRCameraFrameLit': fallback shader 'Alpha-Diffuse' not found
Launched and connected shader compiler UnityShaderCompiler.exe after 0.12 seconds
Refreshing native plugins compatible for Editor in 1.79 ms, found 12 plugins.
Preloading 2 native plugins for Editor in 0.23 ms.
Unloading 2918 Unused Serialized files (Serialized files now loaded: 0)
System memory in use before: 204.6 MB.
System memory in use after: 204.8 MB.

Unloading 46 unused Assets to reduce memory usage. Loaded Objects now: 3352.
Total: 6.875500 ms (FindLiveObjects: 0.443000 ms CreateObjectMapping: 0.090900 ms MarkObjects: 6.235700 ms  DeleteObjects: 0.103600 ms)

AssetImportParameters requested are different than current active one (requested -> active):
  custom:framework-win-MediaFoundation: 216162199b28c13a410421893ffa2e32 -> 
  custom:video-decoder-ogg-theora: a1e56fd34408186e4bbccfd4996cb3dc -> 
  custom:container-muxer-webm: aa71ff27fc2769a1b78a27578f13a17b -> 
  custom:container-demuxer-webm: 4f35f7cbe854078d1ac9338744f61a02 -> 
  custom:container-demuxer-ogg: 62fdf1f143b41e24485cea50d1cbac27 -> 
  custom:video-encoder-webm-vp8: eb34c28f22e8b96e1ab97ce403110664 -> 
  custom:video-decoder-webm-vp8: 9c59270c3fd7afecdb556c50c9e8de78 -> 
  custom:audio-decoder-ogg-vorbis: bf7c407c2cedff20999df2af8eb42d56 -> 
  custom:audio-encoder-webm-vorbis: bf7c407c2cedff20999df2af8eb42d56 -> 
========================================================================
Received Import Request.
  path: Assets/Scenes/Week-wise scenes/Week6- Finale.unity
  artifactKey: Guid(6715331b80d15a14db3a75feb18f13eb) Importer(815301076,1909f56bfc062723c751e8b465ee728b)
Start importing Assets/Scenes/Week-wise scenes/Week6- Finale.unity using Guid(6715331b80d15a14db3a75feb18f13eb) Importer(815301076,1909f56bfc062723c751e8b465ee728b)  -> (artifact id: '2dda6e5eb83a980cc6d54e8a6ea2703f') in 0.024864 seconds 
========================================================================
Received Prepare
Registering precompiled user dll's ...
Registered in 0.031195 seconds.
Begin MonoManager ReloadAssembly
Native extension for WindowsStandalone target not found
Refreshing native plugins compatible for Editor in 1.21 ms, found 12 plugins.
Preloading 2 native plugins for Editor in 0.15 ms.
Mono: successfully reloaded assembly
- Completed reload, in  1.232 seconds
Domain Reload Profiling:
	ReloadAssembly (1232ms)
		BeginReloadAssembly (136ms)
			ExecutionOrderSort (0ms)
			DisableScriptedObjects (5ms)
			BackupInstance (0ms)
			ReleaseScriptingObjects (0ms)
			CreateAndSetChildDomain (45ms)
		EndReloadAssembly (1038ms)
			LoadAssemblies (86ms)
			RebuildTransferFunctionScriptingTraits (0ms)
			SetupTypeCache (287ms)
			ReleaseScriptCaches (1ms)
			RebuildScriptCaches (48ms)
			SetupLoadedEditorAssemblies (494ms)
				LogAssemblyErrors (0ms)
				InitializePlatformSupportModulesInManaged (4ms)
				SetLoadedEditorAssemblies (0ms)
				RefreshPlugins (1ms)
				BeforeProcessingInitializeOnLoad (60ms)
				ProcessInitializeOnLoadAttributes (415ms)
				ProcessInitializeOnLoadMethodAttributes (7ms)
				AfterProcessingInitializeOnLoad (5ms)
				EditorAssembliesLoaded (0ms)
			ExecutionOrderSort2 (0ms)
			AwakeInstancesAfterBackupRestoration (6ms)
Platform modules already initialized, skipping
Switching build target platform(19) subTarget(0) extendedPlatform(0) -> platform(13) subTarget(524288) extendedPlatform(0)
Shader 'Oculus/OVRMRCameraFrameLit': fallback shader 'Alpha-Diffuse' not found
Refreshing native plugins compatible for Editor in 1.23 ms, found 12 plugins.
Preloading 2 native plugins for Editor in 0.14 ms.
Unloading 2825 Unused Serialized files (Serialized files now loaded: 0)
System memory in use before: 214.6 MB.
System memory in use after: 214.8 MB.

Unloading 39 unused Assets to reduce memory usage. Loaded Objects now: 3355.
Total: 3.742000 ms (FindLiveObjects: 0.299000 ms CreateObjectMapping: 0.080300 ms MarkObjects: 3.324200 ms  DeleteObjects: 0.037400 ms)

AssetImportParameters requested are different than current active one (requested -> active):
  custom:framework-win-MediaFoundation: 216162199b28c13a410421893ffa2e32 -> 
  custom:video-decoder-ogg-theora: a1e56fd34408186e4bbccfd4996cb3dc -> 
  custom:container-muxer-webm: aa71ff27fc2769a1b78a27578f13a17b -> 
  custom:container-demuxer-webm: 4f35f7cbe854078d1ac9338744f61a02 -> 
  custom:container-demuxer-ogg: 62fdf1f143b41e24485cea50d1cbac27 -> 
  custom:video-encoder-webm-vp8: eb34c28f22e8b96e1ab97ce403110664 -> 
  custom:video-decoder-webm-vp8: 9c59270c3fd7afecdb556c50c9e8de78 -> 
  custom:graphics/normal-map-encoding: 01000000000000000000000000000000 -> 02000000000000000000000000000000
  custom:audio-decoder-ogg-vorbis: bf7c407c2cedff20999df2af8eb42d56 -> 
  custom:audio-encoder-webm-vorbis: bf7c407c2cedff20999df2af8eb42d56 -> 
========================================================================
Received Prepare
Shader 'Oculus/OVRMRCameraFrameLit': fallback shader 'Alpha-Diffuse' not found
Refreshing native plugins compatible for Editor in 289.34 ms, found 12 plugins.
Preloading 2 native plugins for Editor in 0.15 ms.
Unloading 36 Unused Serialized files (Serialized files now loaded: 0)
System memory in use before: 141.6 MB.
System memory in use after: 141.9 MB.

Unloading 36 unused Assets to reduce memory usage. Loaded Objects now: 3355.
Total: 5.084400 ms (FindLiveObjects: 0.418400 ms CreateObjectMapping: 0.112800 ms MarkObjects: 4.518100 ms  DeleteObjects: 0.033300 ms)

AssetImportParameters requested are different than current active one (requested -> active):
  custom:framework-win-MediaFoundation: 216162199b28c13a410421893ffa2e32 -> 
  custom:video-decoder-ogg-theora: a1e56fd34408186e4bbccfd4996cb3dc -> 
  custom:container-muxer-webm: aa71ff27fc2769a1b78a27578f13a17b -> 
  custom:container-demuxer-webm: 4f35f7cbe854078d1ac9338744f61a02 -> 
  custom:container-demuxer-ogg: 62fdf1f143b41e24485cea50d1cbac27 -> 
  custom:video-encoder-webm-vp8: eb34c28f22e8b96e1ab97ce403110664 -> 
  custom:video-decoder-webm-vp8: 9c59270c3fd7afecdb556c50c9e8de78 -> 
  custom:audio-decoder-ogg-vorbis: bf7c407c2cedff20999df2af8eb42d56 -> 
  custom:audio-encoder-webm-vorbis: bf7c407c2cedff20999df2af8eb42d56 -> 
========================================================================
Received Prepare
Registering precompiled user dll's ...
Registered in 0.615874 seconds.
Begin MonoManager ReloadAssembly
Native extension for WindowsStandalone target not found
Refreshing native plugins compatible for Editor in 1.24 ms, found 12 plugins.
Preloading 2 native plugins for Editor in 0.15 ms.
Mono: successfully reloaded assembly
- Completed reload, in  1.429 seconds
Domain Reload Profiling:
	ReloadAssembly (1430ms)
		BeginReloadAssembly (187ms)
			ExecutionOrderSort (0ms)
			DisableScriptedObjects (5ms)
			BackupInstance (0ms)
			ReleaseScriptingObjects (0ms)
			CreateAndSetChildDomain (38ms)
		EndReloadAssembly (1186ms)
			LoadAssemblies (190ms)
			RebuildTransferFunctionScriptingTraits (0ms)
			SetupTypeCache (311ms)
			ReleaseScriptCaches (1ms)
			RebuildScriptCaches (50ms)
			SetupLoadedEditorAssemblies (562ms)
				LogAssemblyErrors (0ms)
				InitializePlatformSupportModulesInManaged (4ms)
				SetLoadedEditorAssemblies (0ms)
				RefreshPlugins (1ms)
				BeforeProcessingInitializeOnLoad (60ms)
				ProcessInitializeOnLoadAttributes (483ms)
				ProcessInitializeOnLoadMethodAttributes (7ms)
				AfterProcessingInitializeOnLoad (6ms)
				EditorAssembliesLoaded (0ms)
			ExecutionOrderSort2 (0ms)
			AwakeInstancesAfterBackupRestoration (6ms)
Platform modules already initialized, skipping
Switching build target platform(19) subTarget(0) extendedPlatform(0) -> platform(13) subTarget(524288) extendedPlatform(0)
Shader 'Oculus/OVRMRCameraFrameLit': fallback shader 'Alpha-Diffuse' not found
Refreshing native plugins compatible for Editor in 1.23 ms, found 12 plugins.
Preloading 2 native plugins for Editor in 0.16 ms.
Unloading 2825 Unused Serialized files (Serialized files now loaded: 0)
System memory in use before: 214.6 MB.
System memory in use after: 214.8 MB.

Unloading 39 unused Assets to reduce memory usage. Loaded Objects now: 3358.
Total: 4.019600 ms (FindLiveObjects: 0.321600 ms CreateObjectMapping: 0.083000 ms MarkObjects: 3.576800 ms  DeleteObjects: 0.036100 ms)

AssetImportParameters requested are different than current active one (requested -> active):
  custom:framework-win-MediaFoundation: 216162199b28c13a410421893ffa2e32 -> 
  custom:video-decoder-ogg-theora: a1e56fd34408186e4bbccfd4996cb3dc -> 
  custom:container-muxer-webm: aa71ff27fc2769a1b78a27578f13a17b -> 
  custom:container-demuxer-webm: 4f35f7cbe854078d1ac9338744f61a02 -> 
  custom:container-demuxer-ogg: 62fdf1f143b41e24485cea50d1cbac27 -> 
  custom:video-encoder-webm-vp8: eb34c28f22e8b96e1ab97ce403110664 -> 
  custom:video-decoder-webm-vp8: 9c59270c3fd7afecdb556c50c9e8de78 -> 
  custom:graphics/normal-map-encoding: 01000000000000000000000000000000 -> 02000000000000000000000000000000
  custom:audio-decoder-ogg-vorbis: bf7c407c2cedff20999df2af8eb42d56 -> 
  custom:audio-encoder-webm-vorbis: bf7c407c2cedff20999df2af8eb42d56 -> 
========================================================================
Received Import Request.
  Time since last request: 49747.586636 seconds.
  path: Assets/Scripts/Scripts provided
  artifactKey: Guid(b0ecdea1c2ae64b90ae27d44189f66de) Importer(815301076,1909f56bfc062723c751e8b465ee728b)
Start importing Assets/Scripts/Scripts provided using Guid(b0ecdea1c2ae64b90ae27d44189f66de) Importer(815301076,1909f56bfc062723c751e8b465ee728b)  -> (artifact id: '83f8c46f34cc50d0282726b6a8838653') in 0.012385 seconds 
========================================================================
Received Import Request.
  Time since last request: 69.497912 seconds.
  path: Assets/Scripts/Scripts to go through
  artifactKey: Guid(289c2400043514ebbbc9ca98f4661a02) Importer(815301076,1909f56bfc062723c751e8b465ee728b)
Start importing Assets/Scripts/Scripts to go through using Guid(289c2400043514ebbbc9ca98f4661a02) Importer(815301076,1909f56bfc062723c751e8b465ee728b)  -> (artifact id: '4ab73e8fd40d0efc807c57c4a3c6ab97') in 0.011909 seconds 
========================================================================
Received Import Request.
  Time since last request: 4.488790 seconds.
  path: Assets/Scripts/Scripts provided/FinaleSequence.cs
  artifactKey: Guid(ecd72c53439c14b7cad035d99a5a8650) Importer(815301076,1909f56bfc062723c751e8b465ee728b)
Start importing Assets/Scripts/Scripts provided/FinaleSequence.cs using Guid(ecd72c53439c14b7cad035d99a5a8650) Importer(815301076,1909f56bfc062723c751e8b465ee728b)  -> (artifact id: 'd29ac043c0209a41d60c0abd332cfad1') in 0.033542 seconds 
========================================================================
Received Prepare
Registering precompiled user dll's ...
Registered in 0.039306 seconds.
Begin MonoManager ReloadAssembly
Native extension for WindowsStandalone target not found
Refreshing native plugins compatible for Editor in 1.26 ms, found 12 plugins.
Preloading 2 native plugins for Editor in 0.21 ms.
Mono: successfully reloaded assembly
- Completed reload, in  1.552 seconds
Domain Reload Profiling:
	ReloadAssembly (1553ms)
		BeginReloadAssembly (139ms)
			ExecutionOrderSort (0ms)
			DisableScriptedObjects (4ms)
			BackupInstance (0ms)
			ReleaseScriptingObjects (0ms)
			CreateAndSetChildDomain (50ms)
		EndReloadAssembly (1351ms)
			LoadAssemblies (95ms)
			RebuildTransferFunctionScriptingTraits (0ms)
			SetupTypeCache (437ms)
			ReleaseScriptCaches (1ms)
			RebuildScriptCaches (55ms)
			SetupLoadedEditorAssemblies (615ms)
				LogAssemblyErrors (0ms)
				InitializePlatformSupportModulesInManaged (5ms)
				SetLoadedEditorAssemblies (0ms)
				RefreshPlugins (2ms)
				BeforeProcessingInitializeOnLoad (65ms)
				ProcessInitializeOnLoadAttributes (530ms)
				ProcessInitializeOnLoadMethodAttributes (8ms)
				AfterProcessingInitializeOnLoad (6ms)
				EditorAssembliesLoaded (0ms)
			ExecutionOrderSort2 (0ms)
			AwakeInstancesAfterBackupRestoration (7ms)
Platform modules already initialized, skipping
Switching build target platform(19) subTarget(0) extendedPlatform(0) -> platform(13) subTarget(524288) extendedPlatform(0)
Shader 'Oculus/OVRMRCameraFrameLit': fallback shader 'Alpha-Diffuse' not found
Refreshing native plugins compatible for Editor in 1.29 ms, found 12 plugins.
Preloading 2 native plugins for Editor in 0.17 ms.
Unloading 2825 Unused Serialized files (Serialized files now loaded: 0)
System memory in use before: 214.7 MB.
System memory in use after: 214.9 MB.

Unloading 39 unused Assets to reduce memory usage. Loaded Objects now: 3361.
Total: 4.185700 ms (FindLiveObjects: 0.413000 ms CreateObjectMapping: 0.106100 ms MarkObjects: 3.609700 ms  DeleteObjects: 0.055000 ms)

AssetImportParameters requested are different than current active one (requested -> active):
  custom:framework-win-MediaFoundation: 216162199b28c13a410421893ffa2e32 -> 
  custom:video-decoder-ogg-theora: a1e56fd34408186e4bbccfd4996cb3dc -> 
  custom:container-muxer-webm: aa71ff27fc2769a1b78a27578f13a17b -> 
  custom:container-demuxer-webm: 4f35f7cbe854078d1ac9338744f61a02 -> 
  custom:container-demuxer-ogg: 62fdf1f143b41e24485cea50d1cbac27 -> 
  custom:video-encoder-webm-vp8: eb34c28f22e8b96e1ab97ce403110664 -> 
  custom:video-decoder-webm-vp8: 9c59270c3fd7afecdb556c50c9e8de78 -> 
  custom:graphics/normal-map-encoding: 01000000000000000000000000000000 -> 02000000000000000000000000000000
  custom:audio-decoder-ogg-vorbis: bf7c407c2cedff20999df2af8eb42d56 -> 
  custom:audio-encoder-webm-vorbis: bf7c407c2cedff20999df2af8eb42d56 -> 
========================================================================
Received Import Request.
  Time since last request: 6252.016627 seconds.
  path: Assets/Prefabs/Week2
  artifactKey: Guid(b1bda3badada0b3418500b87a3085e57) Importer(815301076,1909f56bfc062723c751e8b465ee728b)
Start importing Assets/Prefabs/Week2 using Guid(b1bda3badada0b3418500b87a3085e57) Importer(815301076,1909f56bfc062723c751e8b465ee728b)  -> (artifact id: '28096be1794ce8725e55a7fc4ceb947f') in 0.019959 seconds 
========================================================================
Received Import Request.
  Time since last request: 10.255190 seconds.
  path: Assets/Scenes/Week-wise scenes/Week2- Build your world.unity
  artifactKey: Guid(61d31fc44f1694121beffa241a0c27c4) Importer(815301076,1909f56bfc062723c751e8b465ee728b)
Start importing Assets/Scenes/Week-wise scenes/Week2- Build your world.unity using Guid(61d31fc44f1694121beffa241a0c27c4) Importer(815301076,1909f56bfc062723c751e8b465ee728b)  -> (artifact id: 'f5f8b2cb5645c08d42c0676e2baceb55') in 0.025502 seconds 
========================================================================
Received Import Request.
  Time since last request: 7.960221 seconds.
  path: Assets/Prefabs/Week2/Stage1_ Memory Platforms.prefab
  artifactKey: Guid(a2cb003019952bc4396a46b84e016b39) Importer(815301076,1909f56bfc062723c751e8b465ee728b)
Start importing Assets/Prefabs/Week2/Stage1_ Memory Platforms.prefab using Guid(a2cb003019952bc4396a46b84e016b39) Importer(815301076,1909f56bfc062723c751e8b465ee728b)  -> (artifact id: '3fb3ff391a10561aeecaf7ae06d23f51') in 1.706138 seconds 
========================================================================
Received Import Request.
  Time since last request: 0.000116 seconds.
  path: Assets/Prefabs/Week2/Stage2_ Throwing.prefab
  artifactKey: Guid(d45c9e299650bb54887672c7e9b4a174) Importer(815301076,1909f56bfc062723c751e8b465ee728b)
Start importing Assets/Prefabs/Week2/Stage2_ Throwing.prefab using Guid(d45c9e299650bb54887672c7e9b4a174) Importer(815301076,1909f56bfc062723c751e8b465ee728b)  -> (artifact id: '4e41acb7b33b40a17f80806454f4b1f9') in 0.227318 seconds 
========================================================================
Received Import Request.
  Time since last request: 1.225095 seconds.
  path: Assets/Prefabs/Week2/Stage3_ Simon Says.prefab
  artifactKey: Guid(2f43c0f0e3869fa4086bc68d88b9a799) Importer(815301076,1909f56bfc062723c751e8b465ee728b)
Start importing Assets/Prefabs/Week2/Stage3_ Simon Says.prefab using Guid(2f43c0f0e3869fa4086bc68d88b9a799) Importer(815301076,1909f56bfc062723c751e8b465ee728b)  -> (artifact id: '1d3980554652d0e4ddabb9a577d8927c') in 0.122441 seconds 
========================================================================
Received Import Request.
  Time since last request: 1.345031 seconds.
  path: Assets/Prefabs/Week2/Stage4_ Rock Climbing.prefab
  artifactKey: Guid(6fa8020fa2c5a5046a7ef376af41e67c) Importer(815301076,1909f56bfc062723c751e8b465ee728b)
Start importing Assets/Prefabs/Week2/Stage4_ Rock Climbing.prefab using Guid(6fa8020fa2c5a5046a7ef376af41e67c) Importer(815301076,1909f56bfc062723c751e8b465ee728b)  -> (artifact id: '89003cb1df7d0ce7474ff694b2062a7f') in 0.184437 seconds 
========================================================================
Received Import Request.
  Time since last request: 1.662830 seconds.
  path: Assets/Prefabs/Week2/Finale.prefab
  artifactKey: Guid(7f6f24669ea5a69458afe10ed097dfbf) Importer(815301076,1909f56bfc062723c751e8b465ee728b)
Start importing Assets/Prefabs/Week2/Finale.prefab using Guid(7f6f24669ea5a69458afe10ed097dfbf) Importer(815301076,1909f56bfc062723c751e8b465ee728b)  -> (artifact id: '5fb979af0bc379edd0b8988478749691') in 0.043529 seconds 
========================================================================
Received Import Request.
  Time since last request: 9.003452 seconds.
  path: Assets/Prefabs/Week3
  artifactKey: Guid(c825fab4275332d42a9071dd206e1116) Importer(815301076,1909f56bfc062723c751e8b465ee728b)
Start importing Assets/Prefabs/Week3 using Guid(c825fab4275332d42a9071dd206e1116) Importer(815301076,1909f56bfc062723c751e8b465ee728b)  -> (artifact id: 'a942a89fb20e68403c2474ba3d62c98c') in 0.010812 seconds 
========================================================================
Received Import Request.
  Time since last request: 81.917478 seconds.
  path: Assets/Prefabs/Week3/Stage1_ Memory Platforms.prefab
  artifactKey: Guid(6111709ca445f6e448aff4ed25bc7945) Importer(815301076,1909f56bfc062723c751e8b465ee728b)
Start importing Assets/Prefabs/Week3/Stage1_ Memory Platforms.prefab using Guid(6111709ca445f6e448aff4ed25bc7945) Importer(815301076,1909f56bfc062723c751e8b465ee728b)  -> (artifact id: '8680c2e238adfb785e3ab2033c826512') in 0.183420 seconds 
========================================================================
Received Import Request.
  Time since last request: 1.273967 seconds.
  path: Assets/Prefabs/Week3/Stage2_ Throwing.prefab
  artifactKey: Guid(11351fbe5c5a3db4fab387b31415c576) Importer(815301076,1909f56bfc062723c751e8b465ee728b)
Start importing Assets/Prefabs/Week3/Stage2_ Throwing.prefab using Guid(11351fbe5c5a3db4fab387b31415c576) Importer(815301076,1909f56bfc062723c751e8b465ee728b)  -> (artifact id: '5cace62b04b3044ac516a940f9573ff6') in 0.119815 seconds 
========================================================================
Received Import Request.
  Time since last request: 1.409862 seconds.
  path: Assets/Prefabs/Week3/Stage3_ Simon Says.prefab
  artifactKey: Guid(83e609313950ccb4f91b53d45815e1bf) Importer(815301076,1909f56bfc062723c751e8b465ee728b)
Start importing Assets/Prefabs/Week3/Stage3_ Simon Says.prefab using Guid(83e609313950ccb4f91b53d45815e1bf) Importer(815301076,1909f56bfc062723c751e8b465ee728b)  -> (artifact id: '9dec9f89249188fcd84e94fbf5141aa4') in 0.103085 seconds 
========================================================================
Received Import Request.
  Time since last request: 1.505778 seconds.
  path: Assets/Prefabs/Week3/Stage4_ Rock Climbing.prefab
  artifactKey: Guid(ff9117a3ad5428843aa13b2b5ac4923e) Importer(815301076,1909f56bfc062723c751e8b465ee728b)
Start importing Assets/Prefabs/Week3/Stage4_ Rock Climbing.prefab using Guid(ff9117a3ad5428843aa13b2b5ac4923e) Importer(815301076,1909f56bfc062723c751e8b465ee728b)  -> (artifact id: '00b97ef0ddce8a8c0fc3c4ac335e1daa') in 0.116709 seconds 
========================================================================
Received Import Request.
  Time since last request: 1.426416 seconds.
  path: Assets/Prefabs/Week3/Finale.prefab
  artifactKey: Guid(060a0c96c17330746885921626db3e24) Importer(815301076,1909f56bfc062723c751e8b465ee728b)
Start importing Assets/Prefabs/Week3/Finale.prefab using Guid(060a0c96c17330746885921626db3e24) Importer(815301076,1909f56bfc062723c751e8b465ee728b)  -> (artifact id: '0256919a4d0225a45056f2f2a4d48f22') in 0.025836 seconds 
========================================================================
Received Import Request.
  Time since last request: 103.806087 seconds.
  path: Assets/Prefabs/Week4
  artifactKey: Guid(e2c8f5ac1a4b3eb4185a8f38ca5f93c8) Importer(815301076,1909f56bfc062723c751e8b465ee728b)
Start importing Assets/Prefabs/Week4 using Guid(e2c8f5ac1a4b3eb4185a8f38ca5f93c8) Importer(815301076,1909f56bfc062723c751e8b465ee728b)  -> (artifact id: 'da5ec9425b24fb3abadf6d641d6cdfc7') in 0.012981 seconds 
========================================================================
Received Import Request.
  Time since last request: 4.800664 seconds.
  path: Assets/Prefabs/Week4/Stage1_ Memory Platforms.prefab
  artifactKey: Guid(58de73a009e0ca34f9da08d2fec09276) Importer(815301076,1909f56bfc062723c751e8b465ee728b)
Start importing Assets/Prefabs/Week4/Stage1_ Memory Platforms.prefab using Guid(58de73a009e0ca34f9da08d2fec09276) Importer(815301076,1909f56bfc062723c751e8b465ee728b)  -> (artifact id: '59cf7ad30fee70adb36240dc02f125ac') in 0.197981 seconds 
========================================================================
Received Import Request.
  Time since last request: 1.392569 seconds.
  path: Assets/Prefabs/Week4/Stage2_ Throwing.prefab
  artifactKey: Guid(8568c202e5e65004b9dc7ca93fc0d340) Importer(815301076,1909f56bfc062723c751e8b465ee728b)
Start importing Assets/Prefabs/Week4/Stage2_ Throwing.prefab using Guid(8568c202e5e65004b9dc7ca93fc0d340) Importer(815301076,1909f56bfc062723c751e8b465ee728b)  -> (artifact id: 'f310d54b5d63d0be97daa5eb482eca80') in 0.106555 seconds 
========================================================================
Received Import Request.
  Time since last request: 1.279738 seconds.
  path: Assets/Prefabs/Week4/Stage3_ Simon Says.prefab
  artifactKey: Guid(58ab6c5c913cb9f4a9af39b4c8b621cd) Importer(815301076,1909f56bfc062723c751e8b465ee728b)
Start importing Assets/Prefabs/Week4/Stage3_ Simon Says.prefab using Guid(58ab6c5c913cb9f4a9af39b4c8b621cd) Importer(815301076,1909f56bfc062723c751e8b465ee728b)  -> (artifact id: 'f4c3d852483f02c1aa76f1533bd86bf4') in 0.089156 seconds 
========================================================================
Received Import Request.
  Time since last request: 1.409214 seconds.
  path: Assets/Prefabs/Week4/Stage4_ Rock Climbing.prefab
  artifactKey: Guid(4b0d4c2c9e045bf469de587f5ae4d467) Importer(815301076,1909f56bfc062723c751e8b465ee728b)
Start importing Assets/Prefabs/Week4/Stage4_ Rock Climbing.prefab using Guid(4b0d4c2c9e045bf469de587f5ae4d467) Importer(815301076,1909f56bfc062723c751e8b465ee728b)  -> (artifact id: '5bd1c06419b19bc5181a6cc4e56e0c76') in 0.101568 seconds 
========================================================================
Received Import Request.
  Time since last request: 1.574851 seconds.
  path: Assets/Prefabs/Week4/Finale.prefab
  artifactKey: Guid(ab556ea46b8a339429df9d90c304e17d) Importer(815301076,1909f56bfc062723c751e8b465ee728b)
Start importing Assets/Prefabs/Week4/Finale.prefab using Guid(ab556ea46b8a339429df9d90c304e17d) Importer(815301076,1909f56bfc062723c751e8b465ee728b)  -> (artifact id: 'cd8a6078dee7fe8e5d2b5ac2d21145c7') in 0.027742 seconds 
========================================================================
Received Import Request.
  Time since last request: 62.801016 seconds.
  path: Assets/Prefabs/Week6
  artifactKey: Guid(3e1319c578981044187fb699141c83e7) Importer(815301076,1909f56bfc062723c751e8b465ee728b)
Start importing Assets/Prefabs/Week6 using Guid(3e1319c578981044187fb699141c83e7) Importer(815301076,1909f56bfc062723c751e8b465ee728b)  -> (artifact id: 'a660572f52863260d19a137411f5bf23') in 0.012277 seconds 
========================================================================
Received Import Request.
  Time since last request: 15.765331 seconds.
  path: Assets/Prefabs/Week5
  artifactKey: Guid(d6db3a5def957de49912f2d1a269d48c) Importer(815301076,1909f56bfc062723c751e8b465ee728b)
Start importing Assets/Prefabs/Week5 using Guid(d6db3a5def957de49912f2d1a269d48c) Importer(815301076,1909f56bfc062723c751e8b465ee728b)  -> (artifact id: 'a8c030339c87f84a02c0a7a790192e64') in 0.012292 seconds 
========================================================================
Received Import Request.
  Time since last request: 21.824841 seconds.
  path: Assets/Scenes/Week-wise scenes/Week2- Build your world.unity
  artifactKey: Guid(61d31fc44f1694121beffa241a0c27c4) Importer(815301076,1909f56bfc062723c751e8b465ee728b)
Start importing Assets/Scenes/Week-wise scenes/Week2- Build your world.unity using Guid(61d31fc44f1694121beffa241a0c27c4) Importer(815301076,1909f56bfc062723c751e8b465ee728b)  -> (artifact id: '9cb51210117feb147dfd7d9751062024') in 0.005849 seconds 
========================================================================
Received Import Request.
  Time since last request: 44.440839 seconds.
  path: Assets/Scenes/Week-wise scenes/Week3- Locomotion, teleportation and grabbing.unity
  artifactKey: Guid(e6531a3d3d1c140f0ac63cdb5a3b8c9b) Importer(815301076,1909f56bfc062723c751e8b465ee728b)
Start importing Assets/Scenes/Week-wise scenes/Week3- Locomotion, teleportation and grabbing.unity using Guid(e6531a3d3d1c140f0ac63cdb5a3b8c9b) Importer(815301076,1909f56bfc062723c751e8b465ee728b)  -> (artifact id: 'dc468f40c341caded9bbfa7e9ca8fde4') in 0.010959 seconds 
========================================================================
Received Import Request.
  Time since last request: 40.750817 seconds.
  path: Assets/Scenes/Week-wise scenes/Week4- Adding game logic.unity
  artifactKey: Guid(691540aaf7e5f704fa005a0e104e942d) Importer(815301076,1909f56bfc062723c751e8b465ee728b)
Start importing Assets/Scenes/Week-wise scenes/Week4- Adding game logic.unity using Guid(691540aaf7e5f704fa005a0e104e942d) Importer(815301076,1909f56bfc062723c751e8b465ee728b)  -> (artifact id: 'bee71f1cb3373ff58d15673d0f02721a') in 0.011810 seconds 
AssetImportWorkerClient::OnTransportError - code=2 error=End of file
